# JRE version: OpenJDK Runtime Environment Microsoft-8035246 (17.0.8+7) (build 17.0.8+7-LTS)
# Java VM: OpenJDK 64-Bit Server VM Microsoft-8035246 (17.0.8+7-LTS, mixed mode, sharing, tiered, compressed oops, compressed class ptrs, g1 gc, windows-amd64)
GC Precious Log:
 CPUs: 8 total, 8 available
 Memory: 8072M
 Large Page Support: Disabled
 NUMA Support: Disabled
 Compressed Oops: Enabled (32-bit)
 Heap Region Size: 1M
 Heap Min Capacity: 8M
 Heap Initial Capacity: 128M
 Heap Max Capacity: 2G
 Pre-touch: Disabled
 Parallel Workers: 8
 Concurrent Workers: 2
 Concurrent Refinement Workers: 8
 Periodic GC: Disabled
Heap:
 garbage-first heap   total 343040K, used 286440K [0x0000000080000000, 0x0000000100000000)
  region size 1024K, 30 young (30720K), 5 survivors (5120K)
 Metaspace       used 104568K, committed 106176K, reserved 557056K
  class space    used 14535K, committed 15296K, reserved 425984K
GC Heap History (20 events):
Event: 62.905 GC heap before
{Heap before GC invocations=53 (full 0):
 garbage-first heap   total 343040K, used 289337K [0x0000000080000000, 0x0000000100000000)
  region size 1024K, 68 young (69632K), 8 survivors (8192K)
 Metaspace       used 101708K, committed 103232K, reserved 557056K
  class space    used 14262K, committed 14976K, reserved 425984K
}
Event: 62.917 GC heap after
{Heap after GC invocations=54 (full 0):
 garbage-first heap   total 343040K, used 227255K [0x0000000080000000, 0x0000000100000000)
  region size 1024K, 6 young (6144K), 6 survivors (6144K)
 Metaspace       used 101708K, committed 103232K, reserved 557056K
  class space    used 14262K, committed 14976K, reserved 425984K
}
Event: 63.993 GC heap before
{Heap before GC invocations=54 (full 0):
 garbage-first heap   total 343040K, used 289719K [0x0000000080000000, 0x0000000100000000)
  region size 1024K, 64 young (65536K), 6 survivors (6144K)
 Metaspace       used 101924K, committed 103424K, reserved 557056K
  class space    used 14280K, committed 14976K, reserved 425984K
}
Event: 64.006 GC heap after
{Heap after GC invocations=55 (full 0):
 garbage-first heap   total 343040K, used 231498K [0x0000000080000000, 0x0000000100000000)
  region size 1024K, 6 young (6144K), 6 survivors (6144K)
 Metaspace       used 101924K, committed 103424K, reserved 557056K
  class space    used 14280K, committed 14976K, reserved 425984K
}
Event: 64.897 GC heap before
{Heap before GC invocations=55 (full 0):
 garbage-first heap   total 343040K, used 296010K [0x0000000080000000, 0x0000000100000000)
  region size 1024K, 62 young (63488K), 6 survivors (6144K)
 Metaspace       used 102154K, committed 103680K, reserved 557056K
  class space    used 14313K, committed 15040K, reserved 425984K
}
Event: 64.909 GC heap after
{Heap after GC invocations=56 (full 0):
 garbage-first heap   total 343040K, used 236574K [0x0000000080000000, 0x0000000100000000)
  region size 1024K, 6 young (6144K), 6 survivors (6144K)
 Metaspace       used 102154K, committed 103680K, reserved 557056K
  class space    used 14313K, committed 15040K, reserved 425984K
}
Event: 65.283 GC heap before
{Heap before GC invocations=56 (full 0):
 garbage-first heap   total 343040K, used 298014K [0x0000000080000000, 0x0000000100000000)
  region size 1024K, 59 young (60416K), 6 survivors (6144K)
 Metaspace       used 102168K, committed 103680K, reserved 557056K
  class space    used 14313K, committed 15040K, reserved 425984K
}
Event: 65.294 GC heap after
{Heap after GC invocations=57 (full 0):
 garbage-first heap   total 343040K, used 241006K [0x0000000080000000, 0x0000000100000000)
  region size 1024K, 6 young (6144K), 6 survivors (6144K)
 Metaspace       used 102168K, committed 103680K, reserved 557056K
  class space    used 14313K, committed 15040K, reserved 425984K
}
Event: 66.191 GC heap before
{Heap before GC invocations=57 (full 0):
 garbage-first heap   total 343040K, used 290158K [0x0000000080000000, 0x0000000100000000)
  region size 1024K, 55 young (56320K), 6 survivors (6144K)
 Metaspace       used 102331K, committed 103936K, reserved 557056K
  class space    used 14322K, committed 15104K, reserved 425984K
}
Event: 66.203 GC heap after
{Heap after GC invocations=58 (full 0):
 garbage-first heap   total 343040K, used 244075K [0x0000000080000000, 0x0000000100000000)
  region size 1024K, 4 young (4096K), 4 survivors (4096K)
 Metaspace       used 102331K, committed 103936K, reserved 557056K
  class space    used 14322K, committed 15104K, reserved 425984K
}
Event: 67.053 GC heap before
{Heap before GC invocations=58 (full 0):
 garbage-first heap   total 343040K, used 297323K [0x0000000080000000, 0x0000000100000000)
  region size 1024K, 53 young (54272K), 4 survivors (4096K)
 Metaspace       used 102555K, committed 104192K, reserved 557056K
  class space    used 14352K, committed 15104K, reserved 425984K
}
Event: 67.065 GC heap after
{Heap after GC invocations=59 (full 0):
 garbage-first heap   total 343040K, used 247479K [0x0000000080000000, 0x0000000100000000)
  region size 1024K, 7 young (7168K), 7 survivors (7168K)
 Metaspace       used 102555K, committed 104192K, reserved 557056K
  class space    used 14352K, committed 15104K, reserved 425984K
}
Event: 67.483 GC heap before
{Heap before GC invocations=59 (full 0):
 garbage-first heap   total 343040K, used 298679K [0x0000000080000000, 0x0000000100000000)
  region size 1024K, 54 young (55296K), 7 survivors (7168K)
 Metaspace       used 102629K, committed 104256K, reserved 557056K
  class space    used 14358K, committed 15104K, reserved 425984K
}
Event: 67.501 GC heap after
{Heap after GC invocations=60 (full 0):
 garbage-first heap   total 343040K, used 250602K [0x0000000080000000, 0x0000000100000000)
  region size 1024K, 7 young (7168K), 7 survivors (7168K)
 Metaspace       used 102629K, committed 104256K, reserved 557056K
  class space    used 14358K, committed 15104K, reserved 425984K
}
Event: 68.049 GC heap before
{Heap before GC invocations=60 (full 0):
 garbage-first heap   total 343040K, used 299754K [0x0000000080000000, 0x0000000100000000)
  region size 1024K, 52 young (53248K), 7 survivors (7168K)
 Metaspace       used 102660K, committed 104256K, reserved 557056K
  class space    used 14359K, committed 15104K, reserved 425984K
}
Event: 68.061 GC heap after
{Heap after GC invocations=61 (full 0):
 garbage-first heap   total 343040K, used 253462K [0x0000000080000000, 0x0000000100000000)
  region size 1024K, 7 young (7168K), 7 survivors (7168K)
 Metaspace       used 102660K, committed 104256K, reserved 557056K
  class space    used 14359K, committed 15104K, reserved 425984K
}
Event: 68.467 GC heap before
{Heap before GC invocations=61 (full 0):
 garbage-first heap   total 343040K, used 295446K [0x0000000080000000, 0x0000000100000000)
  region size 1024K, 49 young (50176K), 7 survivors (7168K)
 Metaspace       used 102664K, committed 104256K, reserved 557056K
  class space    used 14359K, committed 15104K, reserved 425984K
}
Event: 68.476 GC heap after
{Heap after GC invocations=62 (full 0):
 garbage-first heap   total 343040K, used 255566K [0x0000000080000000, 0x0000000100000000)
  region size 1024K, 6 young (6144K), 6 survivors (6144K)
 Metaspace       used 102664K, committed 104256K, reserved 557056K
  class space    used 14359K, committed 15104K, reserved 425984K
}
Event: 68.886 GC heap before
{Heap before GC invocations=62 (full 0):
 garbage-first heap   total 343040K, used 301646K [0x0000000080000000, 0x0000000100000000)
  region size 1024K, 48 young (49152K), 6 survivors (6144K)
 Metaspace       used 102701K, committed 104320K, reserved 557056K
  class space    used 14362K, committed 15104K, reserved 425984K
}
Event: 68.899 GC heap after
{Heap after GC invocations=63 (full 0):
 garbage-first heap   total 343040K, used 257768K [0x0000000080000000, 0x0000000100000000)
  region size 1024K, 5 young (5120K), 5 survivors (5120K)
 Metaspace       used 102701K, committed 104320K, reserved 557056K
  class space    used 14362K, committed 15104K, reserved 425984K
}

