# JRE version: OpenJDK Runtime Environment Microsoft-8035246 (17.0.8+7) (build 17.0.8+7-LTS)
# Java VM: OpenJDK 64-Bit Server VM Microsoft-8035246 (17.0.8+7-LTS, mixed mode, sharing, tiered, compressed oops, compressed class ptrs, g1 gc, windows-amd64)
GC Precious Log:
 CPUs: 8 total, 8 available
 Memory: 8072M
 Large Page Support: Disabled
 NUMA Support: Disabled
 Compressed Oops: Enabled (32-bit)
 Heap Region Size: 1M
 Heap Min Capacity: 8M
 Heap Initial Capacity: 128M
 Heap Max Capacity: 2G
 Pre-touch: Disabled
 Parallel Workers: 8
 Concurrent Workers: 2
 Concurrent Refinement Workers: 8
 Periodic GC: Disabled
Heap:
 garbage-first heap   total 408576K, used 256302K [0x0000000080000000, 0x0000000100000000)
  region size 1024K, 29 young (29696K), 3 survivors (3072K)
 Metaspace       used 107012K, committed 108544K, reserved 557056K
  class space    used 14921K, committed 15680K, reserved 425984K
GC Heap History (20 events):
Event: 81.515 GC heap before
{Heap before GC invocations=58 (full 0):
 garbage-first heap   total 289792K, used 244700K [0x0000000080000000, 0x0000000100000000)
  region size 1024K, 39 young (39936K), 5 survivors (5120K)
 Metaspace       used 104945K, committed 106368K, reserved 557056K
  class space    used 14613K, committed 15296K, reserved 425984K
}
Event: 81.524 GC heap after
{Heap after GC invocations=59 (full 0):
 garbage-first heap   total 289792K, used 213459K [0x0000000080000000, 0x0000000100000000)
  region size 1024K, 4 young (4096K), 4 survivors (4096K)
 Metaspace       used 104945K, committed 106368K, reserved 557056K
  class space    used 14613K, committed 15296K, reserved 425984K
}
Event: 82.111 GC heap before
{Heap before GC invocations=59 (full 0):
 garbage-first heap   total 289792K, used 246227K [0x0000000080000000, 0x0000000100000000)
  region size 1024K, 36 young (36864K), 4 survivors (4096K)
 Metaspace       used 105143K, committed 106560K, reserved 557056K
  class space    used 14631K, committed 15296K, reserved 425984K
}
Event: 82.119 GC heap after
{Heap after GC invocations=60 (full 0):
 garbage-first heap   total 289792K, used 216714K [0x0000000080000000, 0x0000000100000000)
  region size 1024K, 4 young (4096K), 4 survivors (4096K)
 Metaspace       used 105143K, committed 106560K, reserved 557056K
  class space    used 14631K, committed 15296K, reserved 425984K
}
Event: 82.693 GC heap before
{Heap before GC invocations=60 (full 0):
 garbage-first heap   total 289792K, used 247434K [0x0000000080000000, 0x0000000100000000)
  region size 1024K, 34 young (34816K), 4 survivors (4096K)
 Metaspace       used 105528K, committed 106944K, reserved 557056K
  class space    used 14688K, committed 15360K, reserved 425984K
}
Event: 82.701 GC heap after
{Heap after GC invocations=61 (full 0):
 garbage-first heap   total 289792K, used 220435K [0x0000000080000000, 0x0000000100000000)
  region size 1024K, 4 young (4096K), 4 survivors (4096K)
 Metaspace       used 105528K, committed 106944K, reserved 557056K
  class space    used 14688K, committed 15360K, reserved 425984K
}
Event: 83.355 GC heap before
{Heap before GC invocations=61 (full 0):
 garbage-first heap   total 289792K, used 248083K [0x0000000080000000, 0x0000000100000000)
  region size 1024K, 32 young (32768K), 4 survivors (4096K)
 Metaspace       used 106329K, committed 107840K, reserved 557056K
  class space    used 14858K, committed 15616K, reserved 425984K
}
Event: 83.368 GC heap after
{Heap after GC invocations=62 (full 0):
 garbage-first heap   total 289792K, used 223983K [0x0000000080000000, 0x0000000100000000)
  region size 1024K, 4 young (4096K), 4 survivors (4096K)
 Metaspace       used 106329K, committed 107840K, reserved 557056K
  class space    used 14858K, committed 15616K, reserved 425984K
}
Event: 83.977 GC heap before
{Heap before GC invocations=62 (full 0):
 garbage-first heap   total 289792K, used 248559K [0x0000000080000000, 0x0000000100000000)
  region size 1024K, 29 young (29696K), 4 survivors (4096K)
 Metaspace       used 106517K, committed 108032K, reserved 557056K
  class space    used 14864K, committed 15616K, reserved 425984K
}
Event: 83.983 GC heap after
{Heap after GC invocations=63 (full 0):
 garbage-first heap   total 289792K, used 225853K [0x0000000080000000, 0x0000000100000000)
  region size 1024K, 3 young (3072K), 3 survivors (3072K)
 Metaspace       used 106517K, committed 108032K, reserved 557056K
  class space    used 14864K, committed 15616K, reserved 425984K
}
Event: 84.585 GC heap before
{Heap before GC invocations=63 (full 0):
 garbage-first heap   total 289792K, used 249405K [0x0000000080000000, 0x0000000100000000)
  region size 1024K, 27 young (27648K), 3 survivors (3072K)
 Metaspace       used 106672K, committed 108224K, reserved 557056K
  class space    used 14864K, committed 15616K, reserved 425984K
}
Event: 84.590 GC heap after
{Heap after GC invocations=64 (full 0):
 garbage-first heap   total 289792K, used 226717K [0x0000000080000000, 0x0000000100000000)
  region size 1024K, 3 young (3072K), 3 survivors (3072K)
 Metaspace       used 106672K, committed 108224K, reserved 557056K
  class space    used 14864K, committed 15616K, reserved 425984K
}
Event: 85.444 GC heap before
{Heap before GC invocations=64 (full 0):
 garbage-first heap   total 289792K, used 252317K [0x0000000080000000, 0x0000000100000000)
  region size 1024K, 28 young (28672K), 3 survivors (3072K)
 Metaspace       used 107019K, committed 108544K, reserved 557056K
  class space    used 14924K, committed 15680K, reserved 425984K
}
Event: 85.453 GC heap after
{Heap after GC invocations=65 (full 0):
 garbage-first heap   total 289792K, used 230452K [0x0000000080000000, 0x0000000100000000)
  region size 1024K, 4 young (4096K), 4 survivors (4096K)
 Metaspace       used 107019K, committed 108544K, reserved 557056K
  class space    used 14924K, committed 15680K, reserved 425984K
}
Event: 85.710 GC heap before
{Heap before GC invocations=65 (full 0):
 garbage-first heap   total 289792K, used 249908K [0x0000000080000000, 0x0000000100000000)
  region size 1024K, 24 young (24576K), 4 survivors (4096K)
 Metaspace       used 107023K, committed 108544K, reserved 557056K
  class space    used 14924K, committed 15680K, reserved 425984K
}
Event: 85.719 GC heap after
{Heap after GC invocations=66 (full 0):
 garbage-first heap   total 289792K, used 233353K [0x0000000080000000, 0x0000000100000000)
  region size 1024K, 3 young (3072K), 3 survivors (3072K)
 Metaspace       used 107023K, committed 108544K, reserved 557056K
  class space    used 14924K, committed 15680K, reserved 425984K
}
Event: 86.717 GC heap before
{Heap before GC invocations=67 (full 0):
 garbage-first heap   total 408576K, used 249737K [0x0000000080000000, 0x0000000100000000)
  region size 1024K, 20 young (20480K), 3 survivors (3072K)
 Metaspace       used 107012K, committed 108544K, reserved 557056K
  class space    used 14921K, committed 15680K, reserved 425984K
}
Event: 86.727 GC heap after
{Heap after GC invocations=68 (full 0):
 garbage-first heap   total 408576K, used 234768K [0x0000000080000000, 0x0000000100000000)
  region size 1024K, 3 young (3072K), 3 survivors (3072K)
 Metaspace       used 107012K, committed 108544K, reserved 557056K
  class space    used 14921K, committed 15680K, reserved 425984K
}
Event: 87.363 GC heap before
{Heap before GC invocations=68 (full 0):
 garbage-first heap   total 408576K, used 250128K [0x0000000080000000, 0x0000000100000000)
  region size 1024K, 19 young (19456K), 3 survivors (3072K)
 Metaspace       used 107012K, committed 108544K, reserved 557056K
  class space    used 14921K, committed 15680K, reserved 425984K
}
Event: 87.380 GC heap after
{Heap after GC invocations=69 (full 0):
 garbage-first heap   total 408576K, used 230702K [0x0000000080000000, 0x0000000100000000)
  region size 1024K, 3 young (3072K), 3 survivors (3072K)
 Metaspace       used 107012K, committed 108544K, reserved 557056K
  class space    used 14921K, committed 15680K, reserved 425984K
}

