# JRE version: OpenJDK Runtime Environment Microsoft-8035246 (17.0.8+7) (build 17.0.8+7-LTS)
# Java VM: OpenJDK 64-Bit Server VM Microsoft-8035246 (17.0.8+7-LTS, mixed mode, sharing, tiered, compressed oops, compressed class ptrs, g1 gc, windows-amd64)
GC Precious Log:
 CPUs: 8 total, 8 available
 Memory: 8072M
 Large Page Support: Disabled
 NUMA Support: Disabled
 Compressed Oops: Enabled (32-bit)
 Heap Region Size: 1M
 Heap Min Capacity: 8M
 Heap Initial Capacity: 128M
 Heap Max Capacity: 2G
 Pre-touch: Disabled
 Parallel Workers: 8
 Concurrent Workers: 2
 Concurrent Refinement Workers: 8
 Periodic GC: Disabled
Heap:
 garbage-first heap   total 308224K, used 246849K [0x0000000080000000, 0x0000000100000000)
  region size 1024K, 21 young (21504K), 5 survivors (5120K)
 Metaspace       used 101823K, committed 103232K, reserved 557056K
  class space    used 14262K, committed 14912K, reserved 425984K
GC Heap History (20 events):
Event: 90.663 GC heap before
{Heap before GC invocations=64 (full 0):
 garbage-first heap   total 308224K, used 242760K [0x0000000080000000, 0x0000000100000000)
  region size 1024K, 63 young (64512K), 9 survivors (9216K)
 Metaspace       used 96889K, committed 98112K, reserved 557056K
  class space    used 13638K, committed 14208K, reserved 425984K
}
Event: 90.672 GC heap after
{Heap after GC invocations=65 (full 0):
 garbage-first heap   total 308224K, used 190931K [0x0000000080000000, 0x0000000100000000)
  region size 1024K, 3 young (3072K), 3 survivors (3072K)
 Metaspace       used 96889K, committed 98112K, reserved 557056K
  class space    used 13638K, committed 14208K, reserved 425984K
}
Event: 92.218 GC heap before
{Heap before GC invocations=65 (full 0):
 garbage-first heap   total 308224K, used 248275K [0x0000000080000000, 0x0000000100000000)
  region size 1024K, 59 young (60416K), 3 survivors (3072K)
 Metaspace       used 98840K, committed 100096K, reserved 557056K
  class space    used 13873K, committed 14464K, reserved 425984K
}
Event: 92.238 GC heap after
{Heap after GC invocations=66 (full 0):
 garbage-first heap   total 308224K, used 198953K [0x0000000080000000, 0x0000000100000000)
  region size 1024K, 8 young (8192K), 8 survivors (8192K)
 Metaspace       used 98840K, committed 100096K, reserved 557056K
  class space    used 13873K, committed 14464K, reserved 425984K
}
Event: 93.375 GC heap before
{Heap before GC invocations=66 (full 0):
 garbage-first heap   total 308224K, used 251177K [0x0000000080000000, 0x0000000100000000)
  region size 1024K, 59 young (60416K), 8 survivors (8192K)
 Metaspace       used 99589K, committed 100864K, reserved 557056K
  class space    used 13949K, committed 14528K, reserved 425984K
}
Event: 93.395 GC heap after
{Heap after GC invocations=67 (full 0):
 garbage-first heap   total 308224K, used 204876K [0x0000000080000000, 0x0000000100000000)
  region size 1024K, 6 young (6144K), 6 survivors (6144K)
 Metaspace       used 99589K, committed 100864K, reserved 557056K
  class space    used 13949K, committed 14528K, reserved 425984K
}
Event: 94.158 GC heap before
{Heap before GC invocations=67 (full 0):
 garbage-first heap   total 308224K, used 254028K [0x0000000080000000, 0x0000000100000000)
  region size 1024K, 54 young (55296K), 6 survivors (6144K)
 Metaspace       used 99781K, committed 101120K, reserved 557056K
  class space    used 13961K, committed 14592K, reserved 425984K
}
Event: 94.171 GC heap after
{Heap after GC invocations=68 (full 0):
 garbage-first heap   total 308224K, used 210078K [0x0000000080000000, 0x0000000100000000)
  region size 1024K, 5 young (5120K), 5 survivors (5120K)
 Metaspace       used 99781K, committed 101120K, reserved 557056K
  class space    used 13961K, committed 14592K, reserved 425984K
}
Event: 94.828 GC heap before
{Heap before GC invocations=68 (full 0):
 garbage-first heap   total 308224K, used 257182K [0x0000000080000000, 0x0000000100000000)
  region size 1024K, 51 young (52224K), 5 survivors (5120K)
 Metaspace       used 100301K, committed 101696K, reserved 557056K
  class space    used 14030K, committed 14656K, reserved 425984K
}
Event: 94.840 GC heap after
{Heap after GC invocations=69 (full 0):
 garbage-first heap   total 308224K, used 215542K [0x0000000080000000, 0x0000000100000000)
  region size 1024K, 6 young (6144K), 6 survivors (6144K)
 Metaspace       used 100301K, committed 101696K, reserved 557056K
  class space    used 14030K, committed 14656K, reserved 425984K
}
Event: 95.624 GC heap before
{Heap before GC invocations=69 (full 0):
 garbage-first heap   total 308224K, used 258550K [0x0000000080000000, 0x0000000100000000)
  region size 1024K, 49 young (50176K), 6 survivors (6144K)
 Metaspace       used 101201K, committed 102592K, reserved 557056K
  class space    used 14200K, committed 14848K, reserved 425984K
}
Event: 95.638 GC heap after
{Heap after GC invocations=70 (full 0):
 garbage-first heap   total 308224K, used 219494K [0x0000000080000000, 0x0000000100000000)
  region size 1024K, 5 young (5120K), 5 survivors (5120K)
 Metaspace       used 101201K, committed 102592K, reserved 557056K
  class space    used 14200K, committed 14848K, reserved 425984K
}
Event: 96.329 GC heap before
{Heap before GC invocations=70 (full 0):
 garbage-first heap   total 308224K, used 259430K [0x0000000080000000, 0x0000000100000000)
  region size 1024K, 45 young (46080K), 5 survivors (5120K)
 Metaspace       used 101441K, committed 102848K, reserved 557056K
  class space    used 14200K, committed 14848K, reserved 425984K
}
Event: 96.336 GC heap after
{Heap after GC invocations=71 (full 0):
 garbage-first heap   total 308224K, used 221243K [0x0000000080000000, 0x0000000100000000)
  region size 1024K, 3 young (3072K), 3 survivors (3072K)
 Metaspace       used 101441K, committed 102848K, reserved 557056K
  class space    used 14200K, committed 14848K, reserved 425984K
}
Event: 97.049 GC heap before
{Heap before GC invocations=71 (full 0):
 garbage-first heap   total 308224K, used 262203K [0x0000000080000000, 0x0000000100000000)
  region size 1024K, 44 young (45056K), 3 survivors (3072K)
 Metaspace       used 101764K, committed 103168K, reserved 557056K
  class space    used 14261K, committed 14912K, reserved 425984K
}
Event: 97.071 GC heap after
{Heap after GC invocations=72 (full 0):
 garbage-first heap   total 308224K, used 227426K [0x0000000080000000, 0x0000000100000000)
  region size 1024K, 6 young (6144K), 6 survivors (6144K)
 Metaspace       used 101764K, committed 103168K, reserved 557056K
  class space    used 14261K, committed 14912K, reserved 425984K
}
Event: 97.619 GC heap before
{Heap before GC invocations=72 (full 0):
 garbage-first heap   total 308224K, used 261218K [0x0000000080000000, 0x0000000100000000)
  region size 1024K, 40 young (40960K), 6 survivors (6144K)
 Metaspace       used 101766K, committed 103168K, reserved 557056K
  class space    used 14261K, committed 14912K, reserved 425984K
}
Event: 97.628 GC heap after
{Heap after GC invocations=73 (full 0):
 garbage-first heap   total 308224K, used 230366K [0x0000000080000000, 0x0000000100000000)
  region size 1024K, 4 young (4096K), 4 survivors (4096K)
 Metaspace       used 101766K, committed 103168K, reserved 557056K
  class space    used 14261K, committed 14912K, reserved 425984K
}
Event: 98.432 GC heap before
{Heap before GC invocations=73 (full 0):
 garbage-first heap   total 308224K, used 267230K [0x0000000080000000, 0x0000000100000000)
  region size 1024K, 37 young (37888K), 4 survivors (4096K)
 Metaspace       used 101769K, committed 103168K, reserved 557056K
  class space    used 14262K, committed 14912K, reserved 425984K
}
Event: 98.439 GC heap after
{Heap after GC invocations=74 (full 0):
 garbage-first heap   total 308224K, used 232513K [0x0000000080000000, 0x0000000100000000)
  region size 1024K, 5 young (5120K), 5 survivors (5120K)
 Metaspace       used 101769K, committed 103168K, reserved 557056K
  class space    used 14262K, committed 14912K, reserved 425984K
}

